# JRE version: Java(TM) SE Runtime Environment (9.0+11) (build 9.0.1+11)
# Java VM: Java HotSpot(TM) 64-Bit Server VM (9.0.1+11, mixed mode, tiered, compressed oops, g1 gc, windows-amd64)
Heap:
 garbage-first heap   total 262144K, used 20981K [0x00000006c1400000, 0x00000006c1500800, 0x00000007c0000000)
  region size 1024K, 13 young (13312K), 6 survivors (6144K)
 Metaspace       used 20670K, capacity 21560K, committed 21808K, reserved 1069056K
  class space    used 2472K, capacity 2688K, committed 2688K, reserved 1048576K
GC Heap History (6 events):
Event: 0.718 GC heap before
{Heap before GC invocations=0 (full 0):
 garbage-first heap   total 262144K, used 27648K [0x00000006c1400000, 0x00000006c1500800, 0x00000007c0000000)
  region size 1024K, 24 young (24576K), 0 survivors (0K)
 Metaspace       used 12128K, capacity 12502K, committed 12672K, reserved 1060864K
  class space    used 1325K, capacity 1394K, committed 1408K, reserved 1048576K
}
Event: 0.723 GC heap after
{Heap after GC invocations=1 (full 0):
 garbage-first heap   total 262144K, used 10322K [0x00000006c1400000, 0x00000006c1500800, 0x00000007c0000000)
  region size 1024K, 3 young (3072K), 3 survivors (3072K)
 Metaspace       used 12128K, capacity 12502K, committed 12672K, reserved 1060864K
  class space    used 1325K, capacity 1394K, committed 1408K, reserved 1048576K
}
Event: 0.998 GC heap before
{Heap before GC invocations=1 (full 0):
 garbage-first heap   total 262144K, used 30802K [0x00000006c1400000, 0x00000006c1500800, 0x00000007c0000000)
  region size 1024K, 23 young (23552K), 3 survivors (3072K)
 Metaspace       used 16335K, capacity 16806K, committed 16896K, reserved 1064960K
  class space    used 1900K, capacity 2027K, committed 2048K, reserved 1048576K
}
Event: 1.004 GC heap after
{Heap after GC invocations=2 (full 0):
 garbage-first heap   total 262144K, used 14583K [0x00000006c1400000, 0x00000006c1500800, 0x00000007c0000000)
  region size 1024K, 3 young (3072K), 3 survivors (3072K)
 Metaspace       used 16335K, capacity 16806K, committed 16896K, reserved 1064960K
  class space    used 1900K, capacity 2027K, committed 2048K, reserved 1048576K
}
Event: 8.868 GC heap before
{Heap before GC invocations=2 (full 0):
 garbage-first heap   total 262144K, used 33015K [0x00000006c1400000, 0x00000006c1500800, 0x00000007c0000000)
  region size 1024K, 22 young (22528K), 3 survivors (3072K)
 Metaspace       used 20359K, capacity 21194K, committed 21296K, reserved 1069056K
  class space    used 2451K, capacity 2655K, committed 2688K, reserved 1048576K
}
Event: 8.874 GC heap after
{Heap after GC invocations=3 (full 0):
 garbage-first heap   total 262144K, used 17132K [0x00000006c1400000, 0x00000006c1500800, 0x00000007c0000000)
  region size 1024K, 6 young (6144K), 6 survivors (6144K)
 Metaspace       used 20359K, capacity 21194K, committed 21296K, reserved 1069056K
  class space    used 2451K, capacity 2655K, committed 2688K, reserved 1048576K
}

