<?xml version="1.0" encoding="UTF-8"?>
<testng-results ignored="0" total="1" passed="1" failed="0" skipped="0">
  <reporter-output>
  </reporter-output>
  <suite started-at="2018-03-12T20:49:51Z" name="Default suite" finished-at="2018-03-12T20:50:04Z" duration-ms="12963">
    <groups>
    </groups>
    <test started-at="2018-03-12T20:49:51Z" name="Default test" finished-at="2018-03-12T20:50:04Z" duration-ms="12963">
      <class name="testCases.TC_Archived_Jobs_ChangePwdLogin">
        <test-method is-config="true" signature="beforeMethod()[pri:0, instance:testCases.TC_Archived_Jobs_ChangePwdLogin@2805d709]" started-at="2018-03-12T20:49:51Z" name="beforeMethod" finished-at="2018-03-12T20:49:58Z" duration-ms="6623" status="PASS">
          <reporter-output>
          </reporter-output>
        </test-method> <!-- beforeMethod -->
        <test-method signature="f()[pri:0, instance:testCases.TC_Archived_Jobs_ChangePwdLogin@2805d709]" started-at="2018-03-12T20:49:58Z" name="f" finished-at="2018-03-12T20:50:04Z" duration-ms="6212" status="PASS">
          <reporter-output>
          </reporter-output>
        </test-method> <!-- f -->
        <test-method is-config="true" signature="afterMethod()[pri:0, instance:testCases.TC_Archived_Jobs_ChangePwdLogin@2805d709]" started-at="2018-03-12T20:50:04Z" name="afterMethod" finished-at="2018-03-12T20:50:04Z" duration-ms="103" status="PASS">
          <reporter-output>
          </reporter-output>
        </test-method> <!-- afterMethod -->
      </class> <!-- testCases.TC_Archived_Jobs_ChangePwdLogin -->
    </test> <!-- Default test -->
  </suite> <!-- Default suite -->
</testng-results>
