<?xml version="1.0" encoding="UTF-8"?>
<testng-results ignored="0" total="1" passed="1" failed="0" skipped="0">
  <reporter-output>
  </reporter-output>
  <suite started-at="2018-03-20T20:50:05Z" name="Default suite" finished-at="2018-03-20T20:50:22Z" duration-ms="16842">
    <groups>
    </groups>
    <test started-at="2018-03-20T20:50:05Z" name="Default test" finished-at="2018-03-20T20:50:22Z" duration-ms="16842">
      <class name="testCases.TC_Archived_Patients_ChangePwdLogin">
        <test-method is-config="true" signature="beforeMethod()[pri:0, instance:testCases.TC_Archived_Patients_ChangePwdLogin@2ea41516]" started-at="2018-03-20T20:50:05Z" name="beforeMethod" finished-at="2018-03-20T20:50:11Z" duration-ms="5533" status="PASS">
          <reporter-output>
          </reporter-output>
        </test-method> <!-- beforeMethod -->
        <test-method signature="f()[pri:0, instance:testCases.TC_Archived_Patients_ChangePwdLogin@2ea41516]" started-at="2018-03-20T20:50:11Z" name="f" finished-at="2018-03-20T20:50:22Z" duration-ms="11283" status="PASS">
          <reporter-output>
          </reporter-output>
        </test-method> <!-- f -->
        <test-method is-config="true" signature="afterMethod()[pri:0, instance:testCases.TC_Archived_Patients_ChangePwdLogin@2ea41516]" started-at="2018-03-20T20:50:22Z" name="afterMethod" finished-at="2018-03-20T20:50:22Z" duration-ms="2" status="PASS">
          <reporter-output>
          </reporter-output>
        </test-method> <!-- afterMethod -->
      </class> <!-- testCases.TC_Archived_Patients_ChangePwdLogin -->
    </test> <!-- Default test -->
  </suite> <!-- Default suite -->
</testng-results>
