<?xml version="1.0" encoding="UTF-8"?>
<testng-results ignored="0" total="1" passed="1" failed="0" skipped="0">
  <reporter-output>
  </reporter-output>
  <suite started-at="2018-03-22T23:11:41Z" name="Default suite" finished-at="2018-03-22T23:12:03Z" duration-ms="22400">
    <groups>
    </groups>
    <test started-at="2018-03-22T23:11:41Z" name="Default test" finished-at="2018-03-22T23:12:03Z" duration-ms="22400">
      <class name="testCases.TC_Doctor_Handover_ChangePwdLogin">
        <test-method is-config="true" signature="beforeMethod()[pri:0, instance:testCases.TC_Doctor_Handover_ChangePwdLogin@2ea41516]" started-at="2018-03-22T23:11:41Z" name="beforeMethod" finished-at="2018-03-22T23:11:47Z" duration-ms="6156" status="PASS">
          <reporter-output>
          </reporter-output>
        </test-method> <!-- beforeMethod -->
        <test-method signature="f()[pri:0, instance:testCases.TC_Doctor_Handover_ChangePwdLogin@2ea41516]" started-at="2018-03-22T23:11:47Z" name="f" finished-at="2018-03-22T23:12:03Z" duration-ms="16197" status="PASS">
          <reporter-output>
          </reporter-output>
        </test-method> <!-- f -->
        <test-method is-config="true" signature="afterMethod()[pri:0, instance:testCases.TC_Doctor_Handover_ChangePwdLogin@2ea41516]" started-at="2018-03-22T23:12:03Z" name="afterMethod" finished-at="2018-03-22T23:12:03Z" duration-ms="1" status="PASS">
          <reporter-output>
          </reporter-output>
        </test-method> <!-- afterMethod -->
      </class> <!-- testCases.TC_Doctor_Handover_ChangePwdLogin -->
    </test> <!-- Default test -->
  </suite> <!-- Default suite -->
</testng-results>
