<?xml version="1.0" encoding="UTF-8"?>
<!-- Generated by org.testng.reporters.JUnitXMLReporter -->
<testsuite ignored="0" hostname="MININT-1GJHRA7" failures="3" tests="23" name="Test" time="414.619" errors="0" timestamp="02 Mar 2018 14:52:23 GMT">
  <testcase classname="testCases.TC_Jobs_List_AddNewRecord_Consultant" name="@AfterMethod afterMethod" time="0.0">
    <failure type="java.lang.NullPointerException">
      <![CDATA[java.lang.NullPointerException
at appModules.Driver_Close_Action.Execute(Driver_Close_Action.java:16)
at testCases.TC_Jobs_List_AddNewRecord_Consultant.afterMethod(TC_Jobs_List_AddNewRecord_Consultant.java:101)
... Removed 28 stack frames]]>
    </failure>
  </testcase> <!-- @AfterMethod afterMethod -->
  <testcase classname="testCases.TC_Jobs_List_SortFunctionality" name="f" time="4.668"/>
  <testcase classname="testCases.TC_Nurse_Handover_AdvSearch" name="f" time="10.04"/>
  <testcase classname="testCases.TC_Jobs_List_RecordPerPage" name="f" time="3.119"/>
  <testcase classname="testCases.TC_Jobs_List_Edit_Back_Change" name="f" time="7.347"/>
  <testcase classname="testCases.TC_Jobs_List_Print" name="f" time="1.154"/>
  <testcase classname="testCases.TC_Jobs_List_View_Back" name="f" time="1.766"/>
  <testcase classname="testCases.TC_Jobs_List_Select_Unselect" name="f" time="1.314"/>
  <testcase classname="testCases.TC_Nurse_Handover_SortFunctionality" name="f" time="0.514">
    <failure type="org.openqa.selenium.StaleElementReferenceException" message="The element reference of &amp;lt;a class=&amp;quot;blackshade&amp;quot;&amp;gt; stale: either the element is no longer attached to the DOM or the page has been refreshed
For documentation on this error, please visit: http://seleniumhq.org/exceptions/stale_element_reference.html
Build info: version: &amp;apos;3.7.1&amp;apos;, revision: &amp;apos;8a0099a&amp;apos;, time: &amp;apos;2017-11-06T21:07:31.527Z&amp;apos;
System info: host: &amp;apos;MININT-1GJHRA7&amp;apos;, ip: &amp;apos;10.66.66.69&amp;apos;, os.name: &amp;apos;Windows 7&amp;apos;, os.arch: &amp;apos;amd64&amp;apos;, os.version: &amp;apos;6.1&amp;apos;, java.version: &amp;apos;9.0.1&amp;apos;
Driver info: org.openqa.selenium.firefox.FirefoxDriver
Capabilities {acceptInsecureCerts: true, browserName: firefox, browserVersion: 54.0, javascriptEnabled: true, moz:accessibilityChecks: false, moz:processID: 9308, moz:profile: C:\Users\nx35wg\AppData\Loc..., pageLoadStrategy: normal, platform: XP, platformName: XP, platformVersion: 6.1, rotatable: false, specificationLevel: 0, timeouts: {implicit: 0, pageLoad: 300000, script: 30000}}
Session ID: 72b490e1-b454-4da4-85fd-1a06832bb240">
      <![CDATA[org.openqa.selenium.StaleElementReferenceException: The element reference of <a class="blackshade"> stale: either the element is no longer attached to the DOM or the page has been refreshed
For documentation on this error, please visit: http://seleniumhq.org/exceptions/stale_element_reference.html
Build info: version: '3.7.1', revision: '8a0099a', time: '2017-11-06T21:07:31.527Z'
System info: host: 'MININT-1GJHRA7', ip: '10.66.66.69', os.name: 'Windows 7', os.arch: 'amd64', os.version: '6.1', java.version: '9.0.1'
Driver info: org.openqa.selenium.firefox.FirefoxDriver
Capabilities {acceptInsecureCerts: true, browserName: firefox, browserVersion: 54.0, javascriptEnabled: true, moz:accessibilityChecks: false, moz:processID: 9308, moz:profile: C:\Users\nx35wg\AppData\Loc..., pageLoadStrategy: normal, platform: XP, platformName: XP, platformVersion: 6.1, rotatable: false, specificationLevel: 0, timeouts: {implicit: 0, pageLoad: 300000, script: 30000}}
Session ID: 72b490e1-b454-4da4-85fd-1a06832bb240
at org.openqa.selenium.remote.http.W3CHttpResponseCodec.createException(W3CHttpResponseCodec.java:187)
at org.openqa.selenium.remote.http.W3CHttpResponseCodec.decode(W3CHttpResponseCodec.java:122)
at org.openqa.selenium.remote.http.W3CHttpResponseCodec.decode(W3CHttpResponseCodec.java:49)
at org.openqa.selenium.remote.HttpCommandExecutor.execute(HttpCommandExecutor.java:164)
at org.openqa.selenium.remote.service.DriverCommandExecutor.execute(DriverCommandExecutor.java:83)
at org.openqa.selenium.remote.RemoteWebDriver.execute(RemoteWebDriver.java:600)
at org.openqa.selenium.remote.RemoteWebElement.execute(RemoteWebElement.java:279)
at org.openqa.selenium.remote.RemoteWebElement.click(RemoteWebElement.java:83)
at testCases.TC_Nurse_Handover_SortFunctionality.f(TC_Nurse_Handover_SortFunctionality.java:34)
... Removed 29 stack frames]]>
    </failure>
  </testcase> <!-- f -->
  <testcase classname="testCases.TC_Nurse_Handover_RecordPerPage" name="f" time="3.765"/>
  <testcase classname="testCases.TC_Nurse_Handover_AddNew_Back" name="f" time="1.267"/>
  <testcase classname="testCases.TC_Jobs_List_AddNewRecord" name="f" time="2.153"/>
  <testcase classname="testCases.TC_Jobs_List_AdvSearch" name="f" time="4.274"/>
  <testcase classname="testCases.TC_Doctor_Handover_AdvSearch" name="f" time="8.107"/>
  <testcase classname="testCases.TC_Nurse_Handover_View_Back" name="f" time="1.74"/>
  <testcase classname="testCases.TC_Nurse_Handover_Print" name="f" time="0.0">
    <failure type="java.lang.Error" message="Unresolved compilation problems: 
	Script cannot be resolved to a variable
	Arguments cannot be resolved to a variable
">
      <![CDATA[java.lang.Error: Unresolved compilation problems: 
Script cannot be resolved to a variable
Arguments cannot be resolved to a variable

at testCases.TC_Nurse_Handover_Print.f(TC_Nurse_Handover_Print.java:99)
... Removed 25 stack frames]]>
    </failure>
  </testcase> <!-- f -->
  <testcase classname="testCases.TC_Ward_RoundSheet_AdvSearch" name="f" time="7.132"/>
  <testcase classname="testCases.TC_Nurse_Handover_AddNewRecord" name="f" time="2.878"/>
  <testcase classname="testCases.TC_Ward_RoundSheet_Print" name="f" time="0.801"/>
  <testcase classname="testCases.TC_Nurse_Handover_AddNewRecordReset" name="f" time="2.622"/>
  <testcase classname="testCases.TC_Jobs_List_AddNewRecord_Consultant" name="f" time="228.632">
    <failure type="org.openqa.selenium.WebDriverException" message="Failed to decode response from marionette
Build info: version: &amp;apos;3.7.1&amp;apos;, revision: &amp;apos;8a0099a&amp;apos;, time: &amp;apos;2017-11-06T21:07:31.527Z&amp;apos;
System info: host: &amp;apos;MININT-1GJHRA7&amp;apos;, ip: &amp;apos;10.66.66.69&amp;apos;, os.name: &amp;apos;Windows 7&amp;apos;, os.arch: &amp;apos;amd64&amp;apos;, os.version: &amp;apos;6.1&amp;apos;, java.version: &amp;apos;9.0.1&amp;apos;
Driver info: org.openqa.selenium.firefox.FirefoxDriver
Capabilities {acceptInsecureCerts: true, browserName: firefox, browserVersion: 54.0, javascriptEnabled: true, moz:accessibilityChecks: false, moz:processID: 10376, moz:profile: C:\Users\nx35wg\AppData\Loc..., pageLoadStrategy: normal, platform: XP, platformName: XP, platformVersion: 6.1, rotatable: false, specificationLevel: 0, timeouts: {implicit: 0, pageLoad: 300000, script: 30000}}
Session ID: f2a28fd1-c977-4f8f-abf2-8394f861201f">
      <![CDATA[org.openqa.selenium.WebDriverException: Failed to decode response from marionette
Build info: version: '3.7.1', revision: '8a0099a', time: '2017-11-06T21:07:31.527Z'
System info: host: 'MININT-1GJHRA7', ip: '10.66.66.69', os.name: 'Windows 7', os.arch: 'amd64', os.version: '6.1', java.version: '9.0.1'
Driver info: org.openqa.selenium.firefox.FirefoxDriver
Capabilities {acceptInsecureCerts: true, browserName: firefox, browserVersion: 54.0, javascriptEnabled: true, moz:accessibilityChecks: false, moz:processID: 10376, moz:profile: C:\Users\nx35wg\AppData\Loc..., pageLoadStrategy: normal, platform: XP, platformName: XP, platformVersion: 6.1, rotatable: false, specificationLevel: 0, timeouts: {implicit: 0, pageLoad: 300000, script: 30000}}
Session ID: f2a28fd1-c977-4f8f-abf2-8394f861201f
at org.openqa.selenium.remote.http.W3CHttpResponseCodec.createException(W3CHttpResponseCodec.java:187)
at org.openqa.selenium.remote.http.W3CHttpResponseCodec.decode(W3CHttpResponseCodec.java:122)
at org.openqa.selenium.remote.http.W3CHttpResponseCodec.decode(W3CHttpResponseCodec.java:49)
at org.openqa.selenium.remote.HttpCommandExecutor.execute(HttpCommandExecutor.java:164)
at org.openqa.selenium.remote.service.DriverCommandExecutor.execute(DriverCommandExecutor.java:83)
at org.openqa.selenium.remote.RemoteWebDriver.execute(RemoteWebDriver.java:600)
at org.openqa.selenium.remote.RemoteWebElement.execute(RemoteWebElement.java:279)
at org.openqa.selenium.remote.RemoteWebElement.click(RemoteWebElement.java:83)
at testCases.TC_Jobs_List_AddNewRecord_Consultant.f(TC_Jobs_List_AddNewRecord_Consultant.java:52)
... Removed 29 stack frames]]>
    </failure>
  </testcase> <!-- f -->
  <testcase classname="testCases.TC_Ward_RoundSheet_RecordPerPage" name="f" time="3.641"/>
  <testcase classname="testCases.TC_Jobs_List_AddNew_Back" name="f" time="1.331"/>
  <testcase classname="testCases.TC_Ward_RoundSheet_SortFunctionality" name="f" time="4.003"/>
</testsuite> <!-- Test -->
